<?xml version="1.0" encoding="UTF-8"?>
<testsuite xmlns:xsi="http://www.w3.org/2001/XMLSchema-instance" xsi:noNamespaceSchemaLocation="https://maven.apache.org/surefire/maven-surefire-plugin/xsd/surefire-test-report.xsd" name="dev.mollyzhang.activeto.business.controller.FacilityControllerTest" time="0.677" tests="6" errors="0" skipped="0" failures="0">
  <properties>
[...]
</properties>
  <testcase name="findAll" classname="dev.mollyzhang.activeto.business.controller.FacilityControllerTest" time="0.039"/>
  <testcase name="findById" classname="dev.mollyzhang.activeto.business.controller.FacilityControllerTest" time="0.007"/>
  <testcase name="findByType" classname="dev.mollyzhang.activeto.business.controller.FacilityControllerTest" time="0.01"/>
  <testcase name="findByIdNotFound" classname="dev.mollyzhang.activeto.business.controller.FacilityControllerTest" time="0.004"/>
  <testcase name="findByTypeNoneFound" classname="dev.mollyzhang.activeto.business.controller.FacilityControllerTest" time="0.009"/>
  <testcase name="findAllNoneFound" classname="dev.mollyzhang.activeto.business.controller.FacilityControllerTest" time="0.005"/>
</testsuite>